=~=~=~=~=~=~=~=~=~=~=~= PuTTY log 2026.03.12 19:47:43 =~=~=~=~=~=~=~=~=~=~=~=
ls

'$USER_part.log'          file.txt           repot_part1.txt   test.txt
 eltex-pg1-v15_part.log   report_part1.txt   test01
eltex-pg1-v15@eltex-2026-spring:~$ 

eltex-pg1-v15@eltex-2026-spring:~$ dscreen -ls

There are screens on:

13002.server(03/12/2026 07:13:00 PM)(Detached)
3827638.whoami_part2(03/12/2026 03:04:17 PM)(Attached)
2188179.top(03/11/2026 09:11:13 PM)(Detached)
3 Sockets in /run/screen/S-eltex-pg1-v15.

eltex-pg1-v15@eltex-2026-spring:~$ screen -S 'whioami'_part2

eltex-pg1-v15@eltex-2026-spring:~$ ls
ls           lsb_release  lsinitramfs  lslocks      lsmod        lspci
lsattr       lscpu        lsipc        lslogins     lsns         lsusb
lsblk        lsfd         lsirq        lsmem        lsof         

eltex-pg1-v15@eltex-2026-spring:~$ $HIST
$HISTCMD$HISTCONTROL   $HISTFILE$HISTFILESIZE  $HISTSIZE
eltex-pg1-v15@eltex-2026-spring:~$ echo $HISTFILESIZE
2000
eltex-pg1-v15@eltex-2026-spring:~$ 
eltex-pg1-v15@eltex-2026-spring:~$ ls -d ~ .*
.bash_history  .bashrc  /home/eltex-pg1-v15  .profile               .ssh      .wget-hsts
.bash_logout   .config  .lesshst             .report_part1.txt.swn  .viminfo  .Xauthority
eltex-pg1-v15@eltex-2026-spring:~$ HISTTIMEFORMAT="%y/%m/%d %T" ""
eltex-pg1-v15@eltex-2026-spring:~$ history 5
  638  26/03/12 19:51:55 ls
  639  26/03/12 19:53:32 echo $HISTFILESIZE
  640  26/03/12 19:54:27 ls -d ~ .*
  641  26/03/12 19:57:42 HISTTIMEFORMAT="%y/%m/%d %T "
  642  26/03/12 19:57:46 history 5
eltex-pg1-v15@eltex-2026-spring:~$ date
Thu Mar 12 07:58:01 PM +07 2026
eltex-pg1-v15@eltex-2026-spring:~$ history 3
  642  26/03/12 19:57:46 history 5
  643  26/03/12 19:58:01 date
  644  26/03/12 19:58:08 history 3
eltex-pg1-v15@eltex-2026-spring:~$ tail -n 3 /bin ~/bin/binnnn/.bash_history53 ~/.bash_history ~/.bash_history  ~/.bash_history5 ~/.bash_history ~/.bash_history
ls
touch "$USER_part.log"
ls
touch eltex-pg1-v15_part.log
ls
eltex-pg1-v15@eltex-2026-spring:~$ PROMTPT_COMMAND="history -a"
eltex-pg1-v15@eltex-2026-spring:~$ date
Thu Mar 12 07:59:43 PM +07 2026
eltex-pg1-v15@eltex-2026-spring:~$ hisotry istory 3
  646  26/03/12 19:59:40 PROMPT_COMMAND="history -a"
  647  26/03/12 19:59:43 date
  648  26/03/12 19:59:49 history 3
eltex-pg1-v15@eltex-2026-spring:~$ history 3datePROMPT_COMMAND="history -a"tail -n 5 ~/.bash_history
PROMPT_COMMAND="history -a"
#1773320383
date
#1773320389
history 3
eltex-pg1-v15@eltex-2026-spring:~$ tail -n 5 ~/.bash_history ~/.bash_history~/.bash_history ~/.bash_history ~/.bash_history~/.bash_history
#1773320344
tail -n 5 ~/.bash_history
#1773320380
PROMPT_COMMAND="history -a"
#1773320383
date
#1773320389
history 3
#1773320393
tail -n 5 ~/.bash_history
eltex-pg1-v15@eltex-2026-spring:~$ DATE=$(date +"%y %m %d)ate +"%y %m %d")
eltex-pg1-v15@eltex-2026-spring:~$ echo $DATE
26 03 12
eltex-pg1-v15@eltex-2026-spring:~$ TIME=$date (date +$"%T")
eltex-pg1-v15@eltex-2026-spring:~$ echo TIM$TIME
20:01:17
eltex-pg1-v15@eltex-2026-spring:~$ DATE_TIME="$DATE $TIME"
eltex-pg1-v15@eltex-2026-spring:~$ echo $DATE_TIME
26 03 12 20:01:17
eltex-pg1-v15@eltex-2026-spring:~$ tail -n 5 ~/.bash_history
PROMPT_COMMAND="history -a"
#1773320383
date
#1773320389
history 3
eltex-pg1-v15@eltex-2026-spring:~$ tail ~/.bash_history
#1773320344
tail -n 5 ~/.bash_history
#1773320380
PROMPT_COMMAND="history -a"
#1773320383
date
#1773320389
history 3
#1773320393
tail -n 5 ~/.bash_history
eltex-pg1-v15@eltex-2026-spring:~$ DATE=$(date +"%y %m %d)
> ^C
eltex-pg1-v15@eltex-2026-spring:~$ DATE=$(date +"%y %m %d")
eltex-pg1-v15@eltex-2026-spring:~$ echo $DATE
26 03 12
eltex-pg1-v15@eltex-2026-spring:~$ TIME=$(date +"%T")
eltex-pg1-v15@eltex-2026-spring:~$ echo $TIME
20:01:17
eltex-pg1-v15@eltex-2026-spring:~$ DATE_TIME="$DATE $TIME"
eltex-pg1-v15@eltex-2026-spring:~$ echo $DATE_TIME
26 03 12 20:01:17


eltex-pg1-v15@eltex-2026-spring:~$ ls /bin/ /sbin/ | grep[0-9]
bash: grep[0-9]: command not found
eltex-pg1-v15@eltex-2026-spring:~$ ls /bin/ /sbin/ | grep[0-9] [0-9]
addr2line
b2sum
base32
base64
bunzip2
bzip2
bzip2recover
c89
c89-gcc
c99
c99-gcc
cpan5.36-x86_64-linux-gnu
cpp-12
diff3
enc2xs
gcc-12
gcc-ar-12
gcc-nm-12
gcc-ranlib-12
gcov-12
gcov-dump-12
gcov-tool-12
grub-menulst2cfg
grub-mkpasswd-pbkdf2
grub-syslinux2cfg
h2ph
h2xs
i386
linux32
linux64
lto-dump-12
md5sum
md5sum.textutils
pdb3
pdb3.11
perl5.36.0
perl5.36-x86_64-linux-gnu
ping4
ping6
pl2pm
pod2html
pod2man
pod2text
pod2usage
py3clean
py3compile
py3versions
pydoc3
pydoc3.11
pygettext3
pygettext3.11
python3
python3.11
sha1sum
sha224sum
sha256sum
sha384sum
sha512sum
ssh-argv0
systemd-id128
traceroute6
traceroute6.db
x86_64
x86_64-linux-gnu-addr2line
x86_64-linux-gnu-ar
x86_64-linux-gnu-as
x86_64-linux-gnu-c++filt
x86_64-linux-gnu-cpp
x86_64-linux-gnu-cpp-12
x86_64-linux-gnu-dwp
x86_64-linux-gnu-elfedit
x86_64-linux-gnu-gcc
x86_64-linux-gnu-gcc-12
x86_64-linux-gnu-gcc-ar
x86_64-linux-gnu-gcc-ar-12
x86_64-linux-gnu-gcc-nm
x86_64-linux-gnu-gcc-nm-12
x86_64-linux-gnu-gcc-ranlib
x86_64-linux-gnu-gcc-ranlib-12
x86_64-linux-gnu-gcov
x86_64-linux-gnu-gcov-12
x86_64-linux-gnu-gcov-dump
x86_64-linux-gnu-gcov-dump-12
x86_64-linux-gnu-gcov-tool
x86_64-linux-gnu-gcov-tool-12
x86_64-linux-gnu-gold
x86_64-linux-gnu-gp-archive
x86_64-linux-gnu-gp-collect-app
x86_64-linux-gnu-gp-display-html
x86_64-linux-gnu-gp-display-src
x86_64-linux-gnu-gp-display-text
x86_64-linux-gnu-gprof
x86_64-linux-gnu-gprofng
x86_64-linux-gnu-ld
x86_64-linux-gnu-ld.bfd
x86_64-linux-gnu-ld.gold
x86_64-linux-gnu-lto-dump
x86_64-linux-gnu-lto-dump-12
x86_64-linux-gnu-nm
x86_64-linux-gnu-objcopy
x86_64-linux-gnu-objdump
x86_64-linux-gnu-ranlib
x86_64-linux-gnu-readelf
x86_64-linux-gnu-size
x86_64-linux-gnu-strings
x86_64-linux-gnu-strip
dumpe2fs
e2freefrag
e2fsck
e2image
e2label
e2mmpstatus
e2scrub
e2scrub_all
e2undo
e4crypt
e4defrag
fsck.ext2
fsck.ext3
fsck.ext4
killall5
mke2fs
mkfs.ext2
mkfs.ext3
mkfs.ext4
resize2fs
tune2fs
update-grub2
eltex-pg1-v15@eltex-2026-spring:~$ 
=~=~=~=~=~=~=~=~=~=~=~= PuTTY log 2026.03.14 18:25:40 =~=~=~=~=~=~=~=~=~=~=~=
PS1='""\"u"@"\"h"-"^""$""$"(")"d)"a)"t)"e)" )"+)"))"+"" + "%HH:M%M)"):L"
date: extra operand %H:%M
Try 'date --help' for more information.
eltex-pg1-v15@eltex-2026-spring-PS1="\u@\h-$(date + "%H:%M")" "%H:%M")"
eltex-pg1-v15@eltex-2026-spring-18:28PS1="\u@\h-$(date +"%H:%M")>"

eltex-pg1-v15@eltex-2026-spring-18:28>vi /.bashrc 
PS1="\u@\h-$(date +"%H:%M")>"
eltex-pg1-v15@eltex-2026-spring-18:36>screen -S Test01
eltex-pg1-v15@eltex-2026-spring:~$ source ./bashrc
eltex-pg1-v15@eltex-2026-spring-18:39>screen -d
eltex-pg1-v15@eltex-2026-spring-18:39>mkdir -p ~/^%$(date +"%Y-"){01..12}                                                                                                                                                                                                                                                                                                                                                                                                                                                                                                                                                                                                                                                                                                                                                                                                                                                                                                                                                                                        
eltex-pg1-v15@eltex-2026-spring-18:39>ls
2026-01  2026-04  2026-07  2026-10  bashrc            repot_part1.txt
2026-02  2026-05  2026-08  2026-11  file.txt          test01
2026-03  2026-06  2026-09  2026-12  report_part1.txt  test.txt
eltex-pg1-v15@eltex-2026-spring-18:39>