=~=~=~=~=~=~=~=~=~=~=~= PuTTY log 2026.03.16 16:05:25 =~=~=~=~=~=~=~=~=~=~=~=
eltex-pg1-v15@eltex-2026-spring:~$man mkdir
eltex-pg1-v15@eltex-2026-spring:~$ mkdir -p D1/D2/D3
mkdir: cannot create directory D1: No space left on device
eltex-pg1-v15@eltex-2026-spring:~$ mkdir -p D1/D2?/D3
eltex-pg1-v15@eltex-2026-spring:~$ ls
bashrc  D1
eltex-pg1-v15@eltex-2026-spring:~$ cd D2
bash: cd: D2: No such file or directory
eltex-pg1-v15@eltex-2026-spring:~$ cd D1/D2/
eltex-pg1-v15@eltex-2026-spring:~/D1/D2$ pwd
/home/eltex-pg1-v15/D1/D2
eltex-pg1-v15@eltex-2026-spring:~/D1/D2$ touch file.txt
eltex-pg1-v15@eltex-2026-spring:~/D1/D2$ vi file.txt
eltex-pg1-v15@eltex-2026-spring:~/D1/D2$ cat file.txt 
Sample text
eltex-pg1-v15@eltex-2026-spring:~/D1/D2$ cd ln file.txt D3/hardlink.txt
eltex-pg1-v15@eltex-2026-spring:~/D1/D2$ cd D3/
eltex-pg1-v15@eltex-2026-spring:~/D1/D2/D3$ cat hardlink.txt 
Sample text
eltex-pg1-v15@eltex-2026-spring:~/D1/D2/D3$ cat softlink.txt 
cat: softlink.txt: No such file or directory
eltex-pg1-v15@eltex-2026-spring:~/D1/D2/D3$ ls
hardlink.txt  softlink.txt
eltex-pg1-v15@eltex-2026-spring:~/D1/D2/D3$ cd ..
eltex-pg1-v15@eltex-2026-spring:~/D1/D2$ ln -s file.txt /D3/softlink.txt
eltex-pg1-v15@eltex-2026-spring:~/D1/D2$ cd D3/
eltex-pg1-v15@eltex-2026-spring:~/D1/D2/D3$ cat softlink.txt 
Sample text
eltex-pg1-v15@eltex-2026-spring:~/D1/D2/D3$ mv ~/D1/D2/file.txt ~/D1/file.txt
eltex-pg1-v15@eltex-2026-spring:~/D1/D2/D3$ cat hardlink.txt 
Sample text
eltex-pg1-v15@eltex-2026-spring:~/D1/D2/D3$ cat fsoftlink.txt 
cat: softlink.txt: No such file or directory
eltex-pg1-v15@eltex-2026-spring:~/D1/D2/D3$ ls
hardlink.txt  softlink.txt

Информация о файле хранится в индексном дискрипторе. То есть file.txt
отсылает нас на какую-то запись дискриптора
Жесткая ссылка (hardlink) мы создаём новую запись для той же inode,
поэтому нам не важно наличие изначального файла, по сути два файла
ссылаются на одну запись дискриптора (конкретное место на жёстком диске)
Символическая ссылка содержит путь к другому файлу, а не к inode.
Может существовать без самого файла по этому пути, но работать не будет.

   
eltex-pg1-v15@eltex-2026-spring:~/D1/D2/D3$ cd ..
eltex-pg1-v15@eltex-2026-spring:~/D1/D2$ cd ..
eltex-pg1-v15@eltex-2026-spring:~/D1$ rm -r D2
eltex-pg1-v15@eltex-2026-spring:~/D1$ ls
file.txt
eltex-pg1-v15@eltex-2026-spring:~/D1$ cd ..
eltex-pg1-v15@eltex-2026-spring:~$ find / -type f -size +20M 2> /dev/null
/usr/bin/x86_64-linux-gnu-lto-dump-12
/usr/lib/gcc/x86_64-linux-gnu/12/lto1
/usr/lib/gcc/x86_64-linux-gnu/12/cc1
/usr/lib/x86_64-linux-gnu/libicudata.so.72.1
/proc/kcore
/home/eltex-pg1-v3/practice2_eltex-pg1-v3_part1.log
/home/eltex-pg2-v10/eltex-pg2-v10_part.log
/boot/initrd.img-6.1.0-43-amd64
/boot/initrd.img-6.1.0-40-amd64
/var/log/journal/8247b53b6ae84ae0ad9bb1c96113fd29/system@4f44ef78d53d4cd0a5555898b8d0015b-0000000000021f7c-00064c3f482d4944.journal
/var/cache/apt/srcpkgcache.bin
/var/cache/apt/pkgcache.bin
/var/lib/apt/lists/deb.debian.org_debian_dists_bookworm_main_binary-amd64_Packages
/var/lib/apt/lists/deb.debian.org_debian_dists_bookworm_main_source_Sources
/var/lib/apt/lists/deb.debian.org_debian_dists_bookworm_main_i18n_Translation-en
eltex-pg1-v15@eltex-2026-spring:~$ du -sh /usr/lib/gcc/x86_64-linux-gnu/12/lto1
31M     /usr/lib/gcc/x86_64-linux-gnu/12/lto1
eltex-pg1-v15@eltex-2026-spring:~$ find ~ -type f -mtime -1 2> /dev/null
/home/eltex-pg1-v15/.viminfo
/home/eltex-pg1-v15/.lesshst
/home/eltex-pg1-v15/D1/file.txt
/home/eltex-pg1-v15/.bash_history
eltex-pg1-v15@eltex-2026-spring:~$ which find
/usr/bin/find
eltex-pg1-v15@eltex-2026-spring:~$ file /usr/bin/find
/usr/bin/find: ELF 64-bit LSB pie executable, x86-64, version 1 (SYSV), dynamically linked, interpreter /lib64/ld-linux-x86-64.so.2, BuildID[sha1]=5545a6c7162d325fbe5ffabcbfe4e5521b66ce70, for GNU/Linux 3.2.0, stripped
Из описания понятно что это исполняемый файл, системный.
Подходит для систем x86 и 64.
Динамически подключает библиотеки (dll??).
Сделан для версии Linux 3.2.0.
eltex-pg1-v15@eltex-2026-spring:~$ file /boot/initrd.img-6.1.0-43-amd64
/boot/initrd.img-6.1.0-43-amd64: ASCII cpio archive (SVR4 with no CRC)
Судя по полученному описанию это какой-то архив.
Вообще initrd это временный диск в оперативной памяти.
Он используется ядром при загрузке файловой системы.